atom 0 with type of Dy found to have 8 coordinates with atom types of O
atom 1 with type of Dy found to have 8 coordinates with atom types of O
atom 2 with type of Dy found to have 8 coordinates with atom types of O
atom 3 with type of Dy found to have 8 coordinates with atom types of O
atom 4 with type of Dy found to have 9 coordinates with atom types of O,C
atom 5 with type of Dy found to have 9 coordinates with atom types of O,C
atom 6 with type of Dy found to have 9 coordinates with atom types of O,C
atom 7 with type of Dy found to have 9 coordinates with atom types of O,C
atom 8 with type of Dy found to have 9 coordinates with atom types of O,C
atom 9 with type of Dy found to have 9 coordinates with atom types of O,C
atom 10 with type of Dy found to have 9 coordinates with atom types of O,C
atom 11 with type of Dy found to have 9 coordinates with atom types of O,C
found ligand
found ligand
found ligand
found ligand
found ligand
found ligand
found ligand
found ligand
found ligand
found ligand
found ligand
found ligand
found ligand
found ligand
found ligand
found ligand
found ligand
found ligand
found ligand
found ligand
qmof-cb0a854_primitive, (min_max_linker_length,max_min_linker_length): 2 , 2

Structure has SHORT ligand

