qmof-b0e510d_primitive found to be an interpenetrated structure
atom 0 with type of U found to have 10 coordinates with atom types of N,O,C
atom 1 with type of U found to have 10 coordinates with atom types of N,O,C
atom 2 with type of U found to have 10 coordinates with atom types of N,O,C
atom 3 with type of U found to have 10 coordinates with atom types of N,O,C
found ligand
found ligand
found ligand
found ligand
found ligand
found ligand
found ligand
found ligand
found ligand
found ligand
found ligand
found ligand
found ligand
found ligand
found ligand
found ligand
qmof-b0e510d_primitive, (min_max_linker_length,max_min_linker_length): 6 , 1

Structure has LONG ligand

