atom 0 with type of Tb found to have 9 coordinates with atom types of O,C
atom 1 with type of Tb found to have 9 coordinates with atom types of O,C
atom 2 with type of Tb found to have 8 coordinates with atom types of O
atom 3 with type of Tb found to have 10 coordinates with atom types of O,C
atom 4 with type of Tb found to have 9 coordinates with atom types of O,C
atom 5 with type of Tb found to have 9 coordinates with atom types of O,C
atom 6 with type of Tb found to have 8 coordinates with atom types of O
atom 7 with type of Tb found to have 10 coordinates with atom types of O,C
found ligand
found ligand
found ligand
found ligand
found ligand
found ligand
found ligand
found ligand
found ligand
found ligand
found ligand
found ligand
found ligand
found ligand
found ligand
found ligand
found ligand
found ligand
qmof-67f153a_primitive, (min_max_linker_length,max_min_linker_length): 12 , 1

Structure has LONG ligand

