atom 0 with type of Er found to have 9 coordinates with atom types of O,C
atom 1 with type of Er found to have 10 coordinates with atom types of O,C
atom 2 with type of Er found to have 9 coordinates with atom types of O,C
atom 3 with type of Er found to have 8 coordinates with atom types of O
atom 4 with type of Er found to have 9 coordinates with atom types of O,C
atom 5 with type of Er found to have 10 coordinates with atom types of O,C
atom 6 with type of Er found to have 9 coordinates with atom types of O,C
atom 7 with type of Er found to have 8 coordinates with atom types of O
found ligand
found ligand
found ligand
found ligand
found ligand
found ligand
found ligand
found ligand
found ligand
found ligand
found ligand
found ligand
found ligand
found ligand
found ligand
found ligand
found ligand
found ligand
qmof-d4cfb65_primitive, (min_max_linker_length,max_min_linker_length): 12 , 2

Structure has LONG ligand

