qmof-0a0e6b0_primitive found to be an interpenetrated structure
atom 0 with type of Cu found to have 5 coordinates with atom types of N,O
atom 1 with type of Cu found to have 5 coordinates with atom types of N,O
atom 2 with type of Cu found to have 5 coordinates with atom types of N,O
atom 3 with type of Cu found to have 5 coordinates with atom types of N,O
found ligand
found ligand
found ligand
found ligand
qmof-0a0e6b0_primitive, (min_max_linker_length,max_min_linker_length): 2 , 3

Structure has SHORT ligand

qmof-0a0e6b0_primitive found to be an interpenetrated structure
atom 0 with type of Cu found to have 5 coordinates with atom types of N,O
atom 1 with type of Cu found to have 5 coordinates with atom types of N,O
atom 2 with type of Cu found to have 5 coordinates with atom types of N,O
atom 3 with type of Cu found to have 5 coordinates with atom types of N,O
found ligand
found ligand
found ligand
found ligand
qmof-0a0e6b0_primitive, (min_max_linker_length,max_min_linker_length): 2 , 3

Structure has SHORT ligand

qmof-0a0e6b0_primitive found to be an interpenetrated structure
atom 0 with type of Cu found to have 5 coordinates with atom types of N,O
atom 1 with type of Cu found to have 5 coordinates with atom types of N,O
atom 2 with type of Cu found to have 5 coordinates with atom types of N,O
atom 3 with type of Cu found to have 5 coordinates with atom types of N,O
found ligand
found ligand
found ligand
found ligand
qmof-0a0e6b0_primitive, (min_max_linker_length,max_min_linker_length): 2 , 3

Structure has SHORT ligand

