atom 0 with type of Sr found to have 9 coordinates with atom types of O,H
atom 1 with type of Sr found to have 9 coordinates with atom types of O,H
atom 2 with type of Sr found to have 7 coordinates with atom types of O
atom 3 with type of Sr found to have 7 coordinates with atom types of O
atom 4 with type of Sr found to have 9 coordinates with atom types of O,H
atom 5 with type of Sr found to have 9 coordinates with atom types of O,H
atom 6 with type of Sr found to have 8 coordinates with atom types of O
atom 7 with type of Sr found to have 8 coordinates with atom types of O
found ligand
found ligand
found ligand
found ligand
found ligand
found ligand
found ligand
found ligand
found ligand
found ligand
found ligand
found ligand
qmof-e5ce578_primitive, (min_max_linker_length,max_min_linker_length): 11 , 2

Structure has LONG ligand

