atom 0 with type of Pr found to have 8 coordinates with atom types of O
atom 1 with type of Pr found to have 8 coordinates with atom types of O
atom 2 with type of Pr found to have 8 coordinates with atom types of O
atom 3 with type of Pr found to have 8 coordinates with atom types of O
atom 4 with type of Pr found to have 8 coordinates with atom types of O
atom 5 with type of Pr found to have 8 coordinates with atom types of O
atom 6 with type of Pr found to have 8 coordinates with atom types of O
atom 7 with type of Pr found to have 8 coordinates with atom types of O
atom 8 with type of Cu found to have 4 coordinates with atom types of N,I
atom 9 with type of Cu found to have 4 coordinates with atom types of N,I
atom 10 with type of Cu found to have 4 coordinates with atom types of N,I
atom 11 with type of Cu found to have 4 coordinates with atom types of N,I
atom 12 with type of Cu found to have 4 coordinates with atom types of N,I
atom 13 with type of Cu found to have 4 coordinates with atom types of N,I
atom 14 with type of Cu found to have 4 coordinates with atom types of N,I
atom 15 with type of Cu found to have 4 coordinates with atom types of N,I
atom 16 with type of Cu found to have 4 coordinates with atom types of N,I
atom 17 with type of Cu found to have 4 coordinates with atom types of N,I
atom 18 with type of Cu found to have 4 coordinates with atom types of N,I
atom 19 with type of Cu found to have 4 coordinates with atom types of N,I
atom 20 with type of Cu found to have 2 coordinates with atom types of I
atom 21 with type of Cu found to have 2 coordinates with atom types of I
atom 22 with type of Cu found to have 2 coordinates with atom types of I
atom 23 with type of Cu found to have 2 coordinates with atom types of I
atom 24 with type of Cu found to have 3 coordinates with atom types of N,I
atom 25 with type of Cu found to have 3 coordinates with atom types of N,I
atom 26 with type of Cu found to have 3 coordinates with atom types of N,I
atom 27 with type of Cu found to have 3 coordinates with atom types of N,I
found ligand
found ligand
found ligand
found ligand
found ligand
found ligand
found ligand
found ligand
qmof-d55908c_primitive, (min_max_linker_length,max_min_linker_length): 5 , 2

Structure has LONG ligand

